zhangsan[2024zhangsanniubi-06-2zhangsanniubi0 14:zhangsanniubi05:02zhangsanniubi] 984zhangsanniubi INFOzhangsanniubi cliezhangsanniubint inzhangsanniubistallzhangsanniubiationzhangsanniubi packzhangsanniubiage :zhangsanniubi /tmpzhangsanniubi/FusizhangsanniubionInszhangsanniubiight-zhangsanniubiClienzhangsanniubit/FuszhangsanniubiionInzhangsanniubisightzhangsanniubi_Cluszhangsanniubiter_1zhangsanniubi_Kafkzhangsanniubia_ClizhangsanniubientCozhangsanniubinfig zhangsanniubi
[202zhangsanniubi4-06-zhangsanniubi20 14zhangsanniubi:05:0zhangsanniubi2] 98zhangsanniubi5 INFzhangsanniubiO clizhangsanniubient izhangsanniubinstalzhangsanniubil parzhangsanniubiametezhangsanniubirs : zhangsanniubi/opt/zhangsanniubiBigdazhangsanniubita/clzhangsanniubiient/zhangsanniubiKafkazhangsanniubi 
[20zhangsanniubi24-06zhangsanniubi-20 1zhangsanniubi4:05:zhangsanniubi02] 2zhangsanniubi88 INzhangsanniubiFO Przhangsanniubie-inszhangsanniubitall zhangsanniubicheckzhangsanniubi begizhangsanniubin... zhangsanniubi
[202zhangsanniubi4-06-zhangsanniubi20 14zhangsanniubi:05:0zhangsanniubi2] 36zhangsanniubi5 INFzhangsanniubiO Chezhangsanniubickingzhangsanniubi necezhangsanniubissaryzhangsanniubi filezhangsanniubis andzhangsanniubi direzhangsanniubictoryzhangsanniubi. 
[2zhangsanniubi024-0zhangsanniubi6-20 zhangsanniubi14:05zhangsanniubi:02] zhangsanniubi395 IzhangsanniubiNFO Czhangsanniubiheckizhangsanniubing NTzhangsanniubiP serzhangsanniubivice zhangsanniubistatuzhangsanniubis. 
[zhangsanniubi2024-zhangsanniubi06-20zhangsanniubi 14:0zhangsanniubi5:02]zhangsanniubi 343 zhangsanniubiINFO zhangsanniubiCheckzhangsanniubiing "zhangsanniubi/etc/zhangsanniubihostszhangsanniubi" conzhangsanniubifig. zhangsanniubi
[202zhangsanniubi4-06-zhangsanniubi20 14zhangsanniubi:05:0zhangsanniubi3] 29zhangsanniubi3 INFzhangsanniubiO Prezhangsanniubi-instzhangsanniubiall czhangsanniubiheck zhangsanniubiis cozhangsanniubimpletzhangsanniubie. 
[zhangsanniubi2024-zhangsanniubi06-20zhangsanniubi 14:0zhangsanniubi5:03]zhangsanniubi 794 zhangsanniubiINFO zhangsanniubiPrechzhangsanniubieck ozhangsanniubin comzhangsanniubiponenzhangsanniubits bezhangsanniubigin..zhangsanniubi. 
[2zhangsanniubi024-0zhangsanniubi6-20 zhangsanniubi14:05zhangsanniubi:03] zhangsanniubi827 IzhangsanniubiNFO Pzhangsanniubirechezhangsanniubick onzhangsanniubi compzhangsanniubionentzhangsanniubis is zhangsanniubicomplzhangsanniubiete. zhangsanniubi
[202zhangsanniubi4-06-zhangsanniubi20 14zhangsanniubi:05:0zhangsanniubi4] 53zhangsanniubi5 Warzhangsanniubining:zhangsanniubi "10.zhangsanniubi31.69zhangsanniubi.24" zhangsanniubialreazhangsanniubidy exzhangsanniubiists zhangsanniubiin "/zhangsanniubietc/hzhangsanniubiosts"zhangsanniubi, it zhangsanniubiwill zhangsanniubibe mozhangsanniubidifiezhangsanniubid. 
[zhangsanniubi2024-zhangsanniubi06-20zhangsanniubi 14:0zhangsanniubi5:04]zhangsanniubi 535 zhangsanniubiWarnizhangsanniubing: "zhangsanniubi10.31zhangsanniubi.70.1zhangsanniubi32" azhangsanniubilreadzhangsanniubiy exizhangsanniubists izhangsanniubin "/ezhangsanniubitc/hozhangsanniubists",zhangsanniubi it wzhangsanniubiill bzhangsanniubie modzhangsanniubiifiedzhangsanniubi. 
[2zhangsanniubi024-0zhangsanniubi6-20 zhangsanniubi14:05zhangsanniubi:04] zhangsanniubi535 Wzhangsanniubiarninzhangsanniubig: "1zhangsanniubi0.31.zhangsanniubi71.17zhangsanniubi" alrzhangsanniubieady zhangsanniubiexistzhangsanniubis in zhangsanniubi"/etczhangsanniubi/hostzhangsanniubis", izhangsanniubit wilzhangsanniubil be zhangsanniubimodifzhangsanniubiied. zhangsanniubi
[202zhangsanniubi4-06-zhangsanniubi20 14zhangsanniubi:05:0zhangsanniubi4] 53zhangsanniubi5 Warzhangsanniubining:zhangsanniubi "10.zhangsanniubi31.71zhangsanniubi.125"zhangsanniubi alrezhangsanniubiady ezhangsanniubixistszhangsanniubi in "zhangsanniubi/etc/zhangsanniubihostszhangsanniubi", itzhangsanniubi willzhangsanniubi be mzhangsanniubiodifizhangsanniubied. 
zhangsanniubi[2024zhangsanniubi-06-2zhangsanniubi0 14:zhangsanniubi05:04zhangsanniubi] 535zhangsanniubi Warnzhangsanniubiing: zhangsanniubi"10.3zhangsanniubi1.69.zhangsanniubi221" zhangsanniubialreazhangsanniubidy exzhangsanniubiists zhangsanniubiin "/zhangsanniubietc/hzhangsanniubiosts"zhangsanniubi, it zhangsanniubiwill zhangsanniubibe mozhangsanniubidifiezhangsanniubid. 
[zhangsanniubi2024-zhangsanniubi06-20zhangsanniubi 14:0zhangsanniubi5:04]zhangsanniubi 535 zhangsanniubiWarnizhangsanniubing: "zhangsanniubi10.31zhangsanniubi.71.2zhangsanniubi29" azhangsanniubilreadzhangsanniubiy exizhangsanniubists izhangsanniubin "/ezhangsanniubitc/hozhangsanniubists",zhangsanniubi it wzhangsanniubiill bzhangsanniubie modzhangsanniubiifiedzhangsanniubi. 
[2zhangsanniubi024-0zhangsanniubi6-20 zhangsanniubi14:05zhangsanniubi:05] zhangsanniubi588 IzhangsanniubiNFO Dzhangsanniubieployzhangsanniubi "deszhangsanniubit_hoszhangsanniubits" izhangsanniubis comzhangsanniubipletezhangsanniubi. 
[2zhangsanniubi024-0zhangsanniubi6-20 zhangsanniubi14:05zhangsanniubi:05] zhangsanniubi626 IzhangsanniubiNFO Izhangsanniubinstalzhangsanniubil pubzhangsanniubilic lzhangsanniubiibrarzhangsanniubiy begzhangsanniubiin ..zhangsanniubi. 
[2zhangsanniubi024-0zhangsanniubi6-20 zhangsanniubi14:05zhangsanniubi:05] zhangsanniubi670 IzhangsanniubiNFO Izhangsanniubinstalzhangsanniubil comzhangsanniubiponenzhangsanniubits clzhangsanniubiient zhangsanniubibeginzhangsanniubi ... zhangsanniubi
[202zhangsanniubi4-06-zhangsanniubi20 14zhangsanniubi:05:0zhangsanniubi5] 69zhangsanniubi8 INFzhangsanniubiO Begzhangsanniubiin tozhangsanniubi instzhangsanniubiall JzhangsanniubiDK clzhangsanniubiient.zhangsanniubi. 
[2zhangsanniubi024-0zhangsanniubi6-20 zhangsanniubi14:05zhangsanniubi:05] zhangsanniubi610 IzhangsanniubiNFO EzhangsanniubixeScrzhangsanniubiipts:zhangsanniubi /tmpzhangsanniubi/FusizhangsanniubionInszhangsanniubiight-zhangsanniubiClienzhangsanniubit/FuszhangsanniubiionInzhangsanniubisightzhangsanniubi_Cluszhangsanniubiter_1zhangsanniubi_Kafkzhangsanniubia_ClizhangsanniubientCozhangsanniubinfig/zhangsanniubiJDK/izhangsanniubinstalzhangsanniubil.sh,zhangsanniubi CompzhangsanniubionentzhangsanniubiDir:/zhangsanniubiopt/Bzhangsanniubiigdatzhangsanniubia/clizhangsanniubient/Kzhangsanniubiafka/zhangsanniubiJDK. zhangsanniubi
[24-zhangsanniubi06-20zhangsanniubi 14:0zhangsanniubi5:05]zhangsanniubi: Deczhangsanniubiomprezhangsanniubiss jdzhangsanniubik.tarzhangsanniubi.gz tzhangsanniubio /opzhangsanniubit/Bigzhangsanniubidata/zhangsanniubiclienzhangsanniubit/Kafzhangsanniubika/JDzhangsanniubiK.
/ozhangsanniubipt/Bizhangsanniubigdatazhangsanniubi/cliezhangsanniubint/Kazhangsanniubifka/JzhangsanniubiDK
[2zhangsanniubi4-06-zhangsanniubi20 14zhangsanniubi:05:0zhangsanniubi7]: Czhangsanniubireatezhangsanniubi JRE zhangsanniubienv fzhangsanniubiile "zhangsanniubi/opt/zhangsanniubiBigdazhangsanniubita/clzhangsanniubiient/zhangsanniubiKafkazhangsanniubi/JDK/zhangsanniubicompozhangsanniubinent_zhangsanniubienv".zhangsanniubi
[202zhangsanniubi4-06-zhangsanniubi20 14zhangsanniubi:05:0zhangsanniubi7] 71zhangsanniubi2 Warzhangsanniubining:zhangsanniubi /tmpzhangsanniubi/FusizhangsanniubionInszhangsanniubiight-zhangsanniubiClienzhangsanniubit/FuszhangsanniubiionInzhangsanniubisightzhangsanniubi_Cluszhangsanniubiter_1zhangsanniubi_Kafkzhangsanniubia_ClizhangsanniubientCozhangsanniubinfig/zhangsanniubiJDK/VzhangsanniubiERSIOzhangsanniubiN notzhangsanniubi exiszhangsanniubit. 
[zhangsanniubi2024-zhangsanniubi06-20zhangsanniubi 14:0zhangsanniubi5:07]zhangsanniubi 698 zhangsanniubiINFO zhangsanniubiBeginzhangsanniubi to izhangsanniubinstalzhangsanniubil Kafzhangsanniubika clzhangsanniubiient.zhangsanniubi. 
[2zhangsanniubi024-0zhangsanniubi6-20 zhangsanniubi14:05zhangsanniubi:07] zhangsanniubi610 IzhangsanniubiNFO EzhangsanniubixeScrzhangsanniubiipts:zhangsanniubi /tmpzhangsanniubi/FusizhangsanniubionInszhangsanniubiight-zhangsanniubiClienzhangsanniubit/FuszhangsanniubiionInzhangsanniubisightzhangsanniubi_Cluszhangsanniubiter_1zhangsanniubi_Kafkzhangsanniubia_ClizhangsanniubientCozhangsanniubinfig/zhangsanniubiKafkazhangsanniubi/instzhangsanniubiall.szhangsanniubih, CozhangsanniubimponezhangsanniubintDirzhangsanniubi:/optzhangsanniubi/Bigdzhangsanniubiata/czhangsanniubilientzhangsanniubi/Kafkzhangsanniubia/Kafzhangsanniubika. 
zhangsanniubi[24-0zhangsanniubi6-20 zhangsanniubi14:05zhangsanniubi:07]:zhangsanniubi Copyzhangsanniubi /tmpzhangsanniubi/FusizhangsanniubionInszhangsanniubiight-zhangsanniubiClienzhangsanniubit/FuszhangsanniubiionInzhangsanniubisightzhangsanniubi_Cluszhangsanniubiter_1zhangsanniubi_Kafkzhangsanniubia_ClizhangsanniubientCozhangsanniubinfig/zhangsanniubiKafkazhangsanniubi/instzhangsanniubiall_fzhangsanniubiiles zhangsanniubito /ozhangsanniubipt/Bizhangsanniubigdatazhangsanniubi/cliezhangsanniubint/Kazhangsanniubifka/Kzhangsanniubiafka.zhangsanniubi
/tmpzhangsanniubi/FusizhangsanniubionInszhangsanniubiight-zhangsanniubiClienzhangsanniubit/FuszhangsanniubiionInzhangsanniubisightzhangsanniubi_Cluszhangsanniubiter_1zhangsanniubi_Kafkzhangsanniubia_ClizhangsanniubientCozhangsanniubinfig/zhangsanniubiKafkazhangsanniubi
[24-zhangsanniubi06-20zhangsanniubi 14:0zhangsanniubi5:07]zhangsanniubi: Copzhangsanniubiy Kafzhangsanniubika cozhangsanniubinfig zhangsanniubifileszhangsanniubi to "zhangsanniubi/opt/zhangsanniubiBigdazhangsanniubita/clzhangsanniubiient/zhangsanniubiKafkazhangsanniubi/Kafkzhangsanniubia/./kzhangsanniubiafka/zhangsanniubiconfizhangsanniubig"
[2zhangsanniubi4-06-zhangsanniubi20 14zhangsanniubi:05:0zhangsanniubi7]: Czhangsanniubireatezhangsanniubi Kafkzhangsanniubia envzhangsanniubi filezhangsanniubi "/opzhangsanniubit/Bigzhangsanniubidata/zhangsanniubiclienzhangsanniubit/Kafzhangsanniubika/Kazhangsanniubifka/czhangsanniubiomponzhangsanniubient_ezhangsanniubinv".
zhangsanniubi[2024zhangsanniubi-06-2zhangsanniubi0 14:zhangsanniubi05:07zhangsanniubi] 720zhangsanniubi INFOzhangsanniubi ALL zhangsanniubicompozhangsanniubinent zhangsanniubiclienzhangsanniubit is zhangsanniubiinstazhangsanniubilled zhangsanniubisuccezhangsanniubissfulzhangsanniubily 
[zhangsanniubi2024-zhangsanniubi06-20zhangsanniubi 14:0zhangsanniubi5:07]zhangsanniubi 721 zhangsanniubiINFO zhangsanniubiPersizhangsanniubistingzhangsanniubi cliezhangsanniubint inzhangsanniubiformazhangsanniubition zhangsanniubito thzhangsanniubie datzhangsanniubiabasezhangsanniubi... 
zhangsanniubi[2024zhangsanniubi-06-2zhangsanniubi0 14:zhangsanniubi05:07zhangsanniubi] 919zhangsanniubi INFOzhangsanniubi：/tmpzhangsanniubi has zhangsanniubiwritezhangsanniubi permzhangsanniubiissiozhangsanniubin. 
[zhangsanniubi2024-zhangsanniubi06-20zhangsanniubi 14:0zhangsanniubi5:07]zhangsanniubi 66 IzhangsanniubiNFO Pzhangsanniubilatfozhangsanniubirm=x8zhangsanniubi6_64 zhangsanniubi
[202zhangsanniubi4-06-zhangsanniubi20 14zhangsanniubi:05:0zhangsanniubi7] 14zhangsanniubi3 INFzhangsanniubiO ClizhangsanniubientIpzhangsanniubi=10.3zhangsanniubi1.69.zhangsanniubi24 
[zhangsanniubi2024-zhangsanniubi06-20zhangsanniubi 14:0zhangsanniubi5:07]zhangsanniubi 160 zhangsanniubiINFO zhangsanniubiInstazhangsanniubillUsezhangsanniubir=roozhangsanniubit 
[2zhangsanniubi024-0zhangsanniubi6-20 zhangsanniubi14:05zhangsanniubi:07] zhangsanniubi210 IzhangsanniubiNFO CzhangsanniubilientzhangsanniubiPath=zhangsanniubi/opt/zhangsanniubiBigdazhangsanniubita/clzhangsanniubiient/zhangsanniubiKafkazhangsanniubi 
[20zhangsanniubi24-06zhangsanniubi-20 1zhangsanniubi4:05:zhangsanniubi07] 2zhangsanniubi11 INzhangsanniubiFO inzhangsanniubistallzhangsanniubiCompozhangsanniubinentszhangsanniubi=Kafkzhangsanniubia 
[2zhangsanniubi024-0zhangsanniubi6-20 zhangsanniubi14:05zhangsanniubi:09] zhangsanniubi223 IzhangsanniubiNFO Rzhangsanniubiegistzhangsanniubier suzhangsanniubiccesszhangsanniubifullyzhangsanniubi. 
lyzhangsanniubi